Qflow placement logfile created on Sat Jul 26 05:21:06 PM IST 2025
Running blif2cel to generate input files for graywolf
blif2cel.tcl --blif /home/kor-tac/Desktop/physical/dpram/synthesis/arch.blif  --lef  /usr/local/share/qflow/tech/osu035/osu035_stdcells.lef --cel /home/kor-tac/Desktop/physical/dpram/layout/arch.cel 
Opened BLIF file (/home/kor-tac/Desktop/physical/dpram/synthesis/arch.blif) for reading ...
Opened CEL file (/home/kor-tac/Desktop/physical/dpram/layout/arch.cel) for writing...
Loaded /usr/local/share/qflow/tech/osu035/osu035_stdcells.lef file for reading...
1st pass of blif file /home/kor-tac/Desktop/physical/dpram/synthesis/arch.blif. . .
Reading macros and/or technology data from LEF file. . .
LEF file specifies route layer Y pitch as 2
LEF file specifies route layer X pitch as 1.6
Parsing macro AND2X2
Parsing macro AOI21X1
Parsing macro BUFX2
Parsing macro NOR3X1
Parsing macro DFFPOSX1
Parsing macro INVX1
Parsing macro NAND2X1
Parsing macro NAND3X1
Parsing macro NOR2X1
Parsing macro OAI21X1
Parsing macro OAI22X1
Parsing macro OR2X2
Parsing macro XOR2X1
Parsing macro XNOR2X1
2nd pass of blif file. . .
3rd pass of blif file. . .
Done!
No arch.cel1 file found for project. . . no partial blockages to apply to layout.
No arch.cel2 file found for project. . . continuing without pin placement hints
Running GrayWolf placement
graywolf  arch

twflow version:2.1 date:Mon May 25 21:15:08 EDT 1992
Authors: Bill Swartz, Carl Sechen
         Yale University

syntax version:v1.1 date:Mon May 25 21:11:10 EDT 1992
TimberWolf System Syntax Checker
Authors: Carl Sechen, Kai-Win Lee, Bill Swartz,
         Dahe Chen, and Jimmy Lam
         Yale University

Read   50 objects so far...
Read  100 objects so far...
Read  150 objects so far...
Read  200 objects so far...
Read  250 objects so far...
Read  300 objects so far...
Read  350 objects so far...
Read  400 objects so far...
Read  450 objects so far...
No syntax errors were found

syntax terminated normally with no errors and 0 warning[s]


----------------------------
Total stdcells     :422
Total cell width   :2.46e+05
Total cell height  :8.44e+05
Total cell area    :4.92e+08
Total core area    :4.92e+08
Average cell height:2.00e+03


nocut - replacement for Mincut version:v1.0 date:Mon May 25 21:09:40 EDT 1992
TimberWolf System Floorplan Setup Program
Authors: Carl Sechen, Bill Swartz,
         Yale University

Read   50 objects so far...
Read  100 objects so far...
Read  150 objects so far...
Read  200 objects so far...
Read  250 objects so far...
Read  300 objects so far...
Read  350 objects so far...
Read  400 objects so far...
Read  450 objects so far...
Splitting arch.cel into arch.scel and arch.mcel...
	done!


nocut - replacement for Mincut terminated normally with no errors and 0 warning[s]


TimberWolfMC version:v2.2 date:Mon May 25 21:18:34 EDT 1992
Authors: Carl Sechen, Bill Swartz, Kai-Win Lee
         Dahe Chen, and Jimmy Lam
         Yale University

config version:v1.0 date:Mon May 25 20:57:18 EDT 1992
Row configuration program
    Yale University


config switches:
	Graphics mode on
	config will inherit window



config terminated normally with no errors and 0 warning[s]


TimberWolfMC terminated normally with no errors and 0 warning[s]



TimberWolfSC switches:
	Graphics mode on
	TimberWolfSC will inherit window

TimberWolfSC version:v6.0 date:Mon May 25 21:19:07 EDT 1992
Row-Based Placement and Global Routing Program
Authors: Carl Sechen, Kai-Win Lee, and Bill Swartz,
         Yale University
  0 
  1   2   3   4   5   6   7   8   9  10  11  12  13  14  15 
 16  17  18  19  20  21  22  23  24  25  26  27  28  29  30 
 31  32  33  34  35  36  37  38  39  40  41  42  43  44  45 
 46  47  48  49  50  51  52  53  54  55  56  57  58  59  60 
 61  62  63  64  65  66  67  68  69  70  71  72  73  74  75 
 76  77  78  79  80  81  82  83  84  85  86  87  88  89  90 
 91  92  93  94  95  96  97  98  99 100 101 102 103 104 105 
106 107 108 109 110 111 112 113 114 115 116 117 118 119 120 
121 122 123 124 125 126 127 128 129 130 131 132 133 134 135 
136 137 138 139 140 141 142 143 144 145 146 147 148 149 150 
151 152 153 154 155 156 157 158 
 block left edge is at -399
 the longest block length is 23040
 building the steiner trees
 rebuilding the steiner tree

----start doing coarse global routing ------ 
 ITERATION  1

  longest Row is:3   Its length is:22560
 doing feed-through pins assignment
 building the net-tree now !
 set up the global routing grids
 the starting value of tracks =   84
 tracks =  71 at attempts =  1000
 tracks =  70 at attempts =  2000
 tracks =  69 at attempts =  3000
 tracks =  69 at attempts =  4000
 tracks =  69 at attempts =  5000
 tracks =  69 at attempts =  6000
 tracks =  69 at attempts =  7000
 tracks =  69 at attempts =  8000
 tracks =  69 at attempts =  9000
 tracks =  69 at attempts = 10000
 tracks =  69 at attempts = 11000
 removing redundant feed-through pins
 the connectivity of all the nets is verified

 block left edge is at -399
 the longest block length is 23040
 building the steiner trees
 rebuilding the steiner tree

----start doing coarse global routing ------ 
 ITERATION  1

  longest Row is:3   Its length is:22560
 doing feed-through pins assignment
 building the net-tree now !
 set up the global routing grids
 the starting value of tracks =   84
 tracks =  75 at attempts =  1000
 tracks =  74 at attempts =  2000
 tracks =  74 at attempts =  3000
 tracks =  74 at attempts =  4000
 tracks =  74 at attempts =  5000
 tracks =  74 at attempts =  6000
 tracks =  74 at attempts =  7000
 tracks =  74 at attempts =  8000
 tracks =  74 at attempts =  9000
 tracks =  74 at attempts = 10000
 tracks =  74 at attempts = 11000
 removing redundant feed-through pins
 the connectivity of all the nets is verified

 block left edge is at -399
 the longest block length is 23040
 building the steiner trees
 rebuilding the steiner tree

----start doing coarse global routing ------ 
 ITERATION  1

  longest Row is:3   Its length is:22560
 doing feed-through pins assignment
 building the net-tree now !
 set up the global routing grids
 the starting value of tracks =   85
 tracks =  76 at attempts =  1000
 tracks =  75 at attempts =  2000
 tracks =  75 at attempts =  3000
 tracks =  75 at attempts =  4000
 tracks =  75 at attempts =  5000
 tracks =  75 at attempts =  6000
 tracks =  75 at attempts =  7000
 tracks =  75 at attempts =  8000
 tracks =  75 at attempts =  9000
 tracks =  75 at attempts = 10000
 tracks =  75 at attempts = 11000
 removing redundant feed-through pins
 the connectivity of all the nets is verified

 block left edge is at -399
 the longest block length is 23040
 building the steiner trees
 rebuilding the steiner tree

----start doing coarse global routing ------ 
 ITERATION  1

  longest Row is:3   Its length is:22560
 doing feed-through pins assignment
 building the net-tree now !
 set up the global routing grids
 the starting value of tracks =  105
 tracks = 105 at attempts =  1000
 tracks = 105 at attempts =  2000
 tracks = 105 at attempts =  3000
 tracks = 105 at attempts =  4000
 tracks = 105 at attempts =  5000
 tracks = 105 at attempts =  6000
 tracks = 105 at attempts =  7000
 tracks = 105 at attempts =  8000
 tracks = 105 at attempts =  9000
 tracks = 105 at attempts = 10000
 tracks = 105 at attempts = 11000
 removing redundant feed-through pins
 the connectivity of all the nets is verified

 block left edge is at -399
 the longest block length is 23040
 building the steiner trees
 rebuilding the steiner tree

----start doing coarse global routing ------ 
 ITERATION  1

  longest Row is:3   Its length is:22560
 doing feed-through pins assignment
 building the net-tree now !
 set up the global routing grids
 the starting value of tracks =   82
 tracks =  74 at attempts =  1000
 tracks =  74 at attempts =  2000
 tracks =  73 at attempts =  3000
 tracks =  72 at attempts =  4000
 tracks =  72 at attempts =  5000
 tracks =  72 at attempts =  6000
 tracks =  72 at attempts =  7000
 tracks =  72 at attempts =  8000
 tracks =  72 at attempts =  9000
 tracks =  72 at attempts = 10000
 tracks =  72 at attempts = 11000
 removing redundant feed-through pins
 the connectivity of all the nets is verified

 block left edge is at -399
 the longest block length is 23040
 building the steiner trees
 rebuilding the steiner tree

----start doing coarse global routing ------ 
 ITERATION  1

  longest Row is:3   Its length is:22560
 doing feed-through pins assignment
 building the net-tree now !
 set up the global routing grids
 the starting value of tracks =   84
 tracks =  76 at attempts =  1000
 tracks =  75 at attempts =  2000
 tracks =  74 at attempts =  3000
 tracks =  74 at attempts =  4000
 tracks =  74 at attempts =  5000
 tracks =  74 at attempts =  6000
 tracks =  74 at attempts =  7000
 tracks =  74 at attempts =  8000
 tracks =  74 at attempts =  9000
 tracks =  74 at attempts = 10000
 tracks =  74 at attempts = 11000
 removing redundant feed-through pins
 the connectivity of all the nets is verified

 block left edge is at -399
 the longest block length is 23040
 building the steiner trees
 rebuilding the steiner tree

----start doing coarse global routing ------ 
 ITERATION  1

  longest Row is:3   Its length is:22560
 doing feed-through pins assignment
 building the net-tree now !
 set up the global routing grids
 the starting value of tracks =   81
 tracks =  71 at attempts =  1000
 tracks =  69 at attempts =  2000
 tracks =  69 at attempts =  3000
 tracks =  69 at attempts =  4000
 tracks =  69 at attempts =  5000
 tracks =  69 at attempts =  6000
 tracks =  69 at attempts =  7000
 tracks =  69 at attempts =  8000
 tracks =  69 at attempts =  9000
 tracks =  69 at attempts = 10000
 tracks =  69 at attempts = 11000
 removing redundant feed-through pins
 the connectivity of all the nets is verified

 block left edge is at -399
 the longest block length is 23040
 building the steiner trees
 rebuilding the steiner tree

----start doing coarse global routing ------ 
 ITERATION  1

  longest Row is:3   Its length is:22560
 doing feed-through pins assignment
 building the net-tree now !
 set up the global routing grids
 the starting value of tracks =  107
 tracks = 106 at attempts =  1000
 tracks = 106 at attempts =  2000
 tracks = 106 at attempts =  3000
 tracks = 106 at attempts =  4000
 tracks = 106 at attempts =  5000
 tracks = 106 at attempts =  6000
 tracks = 106 at attempts =  7000
 tracks = 106 at attempts =  8000
 tracks = 106 at attempts =  9000
 tracks = 106 at attempts = 10000
 tracks = 106 at attempts = 11000
 removing redundant feed-through pins
 the connectivity of all the nets is verified


***********************************************
*ACTUAL* FINAL NUMBER OF ROUTING TRACKS: 69
***********************************************


TimberWolfSC terminated normally with no errors and 0 warning[s]


twflow terminated normally with no errors and 0 warning[s]

Running getfillcell to determine cell to use for fill.
getfillcell.tcl arch  /usr/local/share/qflow/tech/osu035/osu035_stdcells.lef FILL
Using cell FILL for fill
Running place2def to translate graywolf output to DEF format.
place2def.tcl arch FILL 
Running place2def.tcl
DEF database: 100 units per micron
Limits: xbot = -750.0 ybot = -530.0 xtop = 22510.0 ytop = 22130.0
Core values: 80.0 100 22640.0 22100
Offsets: 80.0 100
4 routing layers
metal1: 115 vertical tracks from -4um with 2um pitch
metal2: 148 vertical tracks from -3.2um with 1.6um pitch
metal3: 115 vertical tracks from -4um with 2um pitch
metal4: 74 vertical tracks from -3.2um with 3.2um pitch
Summary: Total components = 422
  Fill cells  = 0
  Other cells = 422
Done with place2def.tcl
Running addspacers to generate power stripes and align cell right edge
addspacers.tcl  -stripe 5.0 150.0 PG arch  /usr/local/share/qflow/tech/osu035/osu035_stdcells.lef FILL
Reading FILL macros from LEF file.
Reading DEF file arch.def. . .
Number of rows is 11
Longest row has width 226.4 um
addspacers:  No room for stripes, pitch reduced from 14880.0 to 9440.0.
addspacers:  Inserting 2 stripes of width 4.8 um (5.0 um requested)
  Pitch 94.4 um, offset 65.6 um
stretch:  Number of components is 502
Analysis of DEF file:
Number of components = 422
New number of components = 502
Number of rows = 11
Adjusting obstructions for power striping
Done with addspacers.tcl
Running arrangepins to adjust pin positions for optimal routing.
arrangepins.tcl  arch
Reading info file arch.info. . .
Reading DEF file arch.def. . .
Recalculating pin positions
Writing DEF file arch_mod.def. . .
Done with arrangepins.tcl
blifanno.tcl /home/kor-tac/Desktop/physical/dpram/synthesis/arch.blif arch.def /home/kor-tac/Desktop/physical/dpram/synthesis/arch_anno.blif
Running blifanno.tcl
Reading DEF file arch.def. . .
Done with blifanno.tcl

Generating RTL verilog and SPICE netlist file in directory
   /home/kor-tac/Desktop/physical/dpram/synthesis
Files:
   Verilog: /home/kor-tac/Desktop/physical/dpram/synthesis/arch.rtl.v
   Verilog: /home/kor-tac/Desktop/physical/dpram/synthesis/arch.rtlnopwr.v
   Verilog: /home/kor-tac/Desktop/physical/dpram/synthesis/arch.rtlbb.v
   Spice:   /home/kor-tac/Desktop/physical/dpram/synthesis/arch.spc

Running blif2Verilog.
Running blif2BSpice.
Placement script ended on Sat Jul 26 05:21:10 PM IST 2025
