Qflow route logfile created on Sat Jul 26 05:21:11 PM IST 2025
qrouter -noc  -s arch.cfg
Qrouter detail maze router version 1.4.71.T
Reading LEF data from file /usr/local/share/qflow/tech/osu035/osu035_stdcells.lef.
LEF Read, Line 135: NOTE:  Old format VIARULE ignored.
LEF Read, Line 136: NOTE:  Old format VIARULE ignored.
LEF Read, Line 140: NOTE:  Old format VIARULE ignored.
LEF Read, Line 141: NOTE:  Old format VIARULE ignored.
LEF Read, Line 151: NOTE:  Old format VIARULE ignored.
LEF Read, Line 152: NOTE:  Old format VIARULE ignored.
LEF Read, Line 156: NOTE:  Old format VIARULE ignored.
LEF Read, Line 157: NOTE:  Old format VIARULE ignored.
LEF Read, Line 167: NOTE:  Old format VIARULE ignored.
LEF Read, Line 168: NOTE:  Old format VIARULE ignored.
LEF Read, Line 172: NOTE:  Old format VIARULE ignored.
LEF Read, Line 173: NOTE:  Old format VIARULE ignored.
LEF file:  Defines site corner (ignored)
LEF file:  Defines site IO (ignored)
LEF file:  Defines site core (ignored)
LEF read: Processed 3179 lines.
LEF Read: encountered 0 errors and 12 warnings total.
Vertical route layer at non-minimum pitch 3.2.  Using smaller pitch 1.6, will route on 1-of-2 tracks for layer metal4.
Reading DEF data from file arch.def.
Diagnostic: Design name: "arch"
  Processed 3 vias total.
  Processed 502 subcell instances total.
  Processed 54 pins total.
  Processed 474 nets total (0 fixed).
  Processed 2 special nets total (4 fixed).
DEF read: Processed 2585 lines.
Output scale = microns / 100, precision 1
No antenna cell defined!
There are 476 nets in this design.
*** Running stage1 routing with defaults
Finished routing net write[0]
Nets remaining: 475
Finished routing net write[1]
Nets remaining: 474
Finished routing net data_a[3]
Nets remaining: 473
Finished routing net data_b[3]
Nets remaining: 472
Finished routing net data_a[2]
Nets remaining: 471
Finished routing net data_b[2]
Nets remaining: 470
Finished routing net rst
Nets remaining: 469
Finished routing net clck
Nets remaining: 468
Finished routing net data_a[1]
Nets remaining: 467
Finished routing net data_b[1]
Nets remaining: 466
Finished routing net data_a[0]
Nets remaining: 465
Finished routing net data_b[0]
Nets remaining: 464
Finished routing net f1.write
Nets remaining: 463
Finished routing net d11.write
Nets remaining: 462
Finished routing net d21.write
Nets remaining: 461
Finished routing net d31.write
Nets remaining: 460
Finished routing net _87_
Nets remaining: 459
Finished routing net _149_
Nets remaining: 458
Finished routing net _211_
Nets remaining: 457
Finished routing net _273_
Nets remaining: 456
Finished routing net _86_
Nets remaining: 455
Finished routing net _148_
Nets remaining: 454
Finished routing net _210_
Nets remaining: 453
Finished routing net _272_
Nets remaining: 452
Finished routing net _90_
Nets remaining: 451
Finished routing net _152_
Nets remaining: 450
Finished routing net _214_
Nets remaining: 449
Finished routing net _276_
Nets remaining: 448
Finished routing net address_read_b[0]
Nets remaining: 447
Finished routing net address_read_b[1]
Nets remaining: 446
Finished routing net address_read_a[1]
Nets remaining: 445
Finished routing net address_read_a[0]
Nets remaining: 444
Finished routing net address[0]
Nets remaining: 443
Finished routing net address[1]
Nets remaining: 442
Finished routing net _94_
Nets remaining: 441
Finished routing net _147_
Nets remaining: 440
Finished routing net _137_
Nets remaining: 439
Finished routing net _156_
Nets remaining: 438
Finished routing net _209_
Nets remaining: 437
Finished routing net _199_
Nets remaining: 436
Finished routing net _218_
Nets remaining: 435
Finished routing net _271_
Nets remaining: 434
Finished routing net _261_
Nets remaining: 433
Finished routing net _280_
Nets remaining: 432
Finished routing net _333_
Nets remaining: 431
Finished routing net _323_
Nets remaining: 430
Finished routing net _14_
Nets remaining: 429
Finished routing net _18_
Nets remaining: 428
Finished routing net read_b
Nets remaining: 427
Finished routing net read_a
Nets remaining: 426
Finished routing net _129_
Nets remaining: 425
Finished routing net _119_
Nets remaining: 424
Finished routing net _114_
Nets remaining: 423
Finished routing net _115_
Nets remaining: 422
Finished routing net _125_
Nets remaining: 421
Finished routing net _139_
Nets remaining: 420
Finished routing net _133_
Nets remaining: 419
Finished routing net _143_
Nets remaining: 418
Finished routing net _131_
Nets remaining: 417
Finished routing net _128_
Nets remaining: 416
Finished routing net _123_
Nets remaining: 415
Finished routing net _124_
Nets remaining: 414
Finished routing net _132_
Nets remaining: 413
Finished routing net _191_
Nets remaining: 412
Finished routing net _181_
Nets remaining: 411
Finished routing net _176_
Nets remaining: 410
Finished routing net _177_
Nets remaining: 409
Finished routing net _187_
Nets remaining: 408
Finished routing net _201_
Nets remaining: 407
Finished routing net _195_
Nets remaining: 406
Finished routing net _205_
Nets remaining: 405
Finished routing net _193_
Nets remaining: 404
Finished routing net _190_
Nets remaining: 403
Finished routing net _185_
Nets remaining: 402
Finished routing net _186_
Nets remaining: 401
Finished routing net _194_
Nets remaining: 400
Finished routing net _253_
Nets remaining: 399
Finished routing net _243_
Nets remaining: 398
Finished routing net _238_
Nets remaining: 397
Finished routing net _239_
Nets remaining: 396
Finished routing net _249_
Nets remaining: 395
Finished routing net _263_
Nets remaining: 394
Finished routing net _257_
Nets remaining: 393
Finished routing net _267_
Nets remaining: 392
Finished routing net _255_
Nets remaining: 391
Finished routing net _252_
Nets remaining: 390
Finished routing net _247_
Nets remaining: 389
Finished routing net _248_
Nets remaining: 388
Finished routing net _256_
Nets remaining: 387
Finished routing net _315_
Nets remaining: 386
Finished routing net _305_
Nets remaining: 385
Finished routing net _300_
Nets remaining: 384
Finished routing net _301_
Nets remaining: 383
Finished routing net _311_
Nets remaining: 382
Finished routing net _325_
Nets remaining: 381
Finished routing net _319_
Nets remaining: 380
Finished routing net _329_
Nets remaining: 379
Finished routing net _317_
Nets remaining: 378
Finished routing net _314_
Nets remaining: 377
Finished routing net _309_
Nets remaining: 376
Finished routing net _310_
Nets remaining: 375
Finished routing net _318_
Nets remaining: 374
Finished routing net dd1.y[0]
Nets remaining: 373
Finished routing net _8_
Nets remaining: 372
Finished routing net dd1.y[1]
Nets remaining: 371
Finished routing net _9_
Nets remaining: 370
Finished routing net dd1.y[2]
Nets remaining: 369
Finished routing net _10_
Nets remaining: 368
Finished routing net dd1.y[3]
Nets remaining: 367
Finished routing net _11_
Nets remaining: 366
Finished routing net _12_
Nets remaining: 365
Finished routing net _13_
Nets remaining: 364
Finished routing net _15_
Nets remaining: 363
Finished routing net _16_
Nets remaining: 362
Finished routing net _17_
Nets remaining: 361
Finished routing net _19_
Nets remaining: 360
Finished routing net _21_
Nets remaining: 359
Finished routing net d11.q
Nets remaining: 358
Finished routing net _22_
Nets remaining: 357
Finished routing net d11.d
Nets remaining: 356
Finished routing net _23_
Nets remaining: 355
Finished routing net _20_
Nets remaining: 354
Finished routing net _25_
Nets remaining: 353
Finished routing net d12.q
Nets remaining: 352
Finished routing net _26_
Nets remaining: 351
Finished routing net d12.d
Nets remaining: 350
Finished routing net _27_
Nets remaining: 349
Finished routing net _24_
Nets remaining: 348
Finished routing net _29_
Nets remaining: 347
Finished routing net d13.q
Nets remaining: 346
Finished routing net _30_
Nets remaining: 345
Finished routing net d13.d
Nets remaining: 344
Finished routing net _31_
Nets remaining: 343
Finished routing net _28_
Nets remaining: 342
Finished routing net _33_
Nets remaining: 341
Finished routing net d14.q
Nets remaining: 340
Finished routing net _34_
Nets remaining: 339
Finished routing net d14.d
Nets remaining: 338
Finished routing net _35_
Nets remaining: 337
Finished routing net _32_
Nets remaining: 336
Finished routing net _37_
Nets remaining: 335
Finished routing net d21.q
Nets remaining: 334
Finished routing net _38_
Nets remaining: 333
Finished routing net d21.d
Nets remaining: 332
Finished routing net _39_
Nets remaining: 331
Finished routing net _36_
Nets remaining: 330
Finished routing net _41_
Nets remaining: 329
Finished routing net d22.q
Nets remaining: 328
Finished routing net _42_
Nets remaining: 327
Finished routing net d22.d
Nets remaining: 326
Finished routing net _43_
Nets remaining: 325
Finished routing net _40_
Nets remaining: 324
Finished routing net _45_
Nets remaining: 323
Finished routing net d23.q
Nets remaining: 322
Finished routing net _46_
Nets remaining: 321
Finished routing net d23.d
Nets remaining: 320
Finished routing net _47_
Nets remaining: 319
Finished routing net _44_
Nets remaining: 318
Finished routing net _49_
Nets remaining: 317
Finished routing net d24.q
Nets remaining: 316
Finished routing net _50_
Nets remaining: 315
Finished routing net d24.d
Nets remaining: 314
Finished routing net _51_
Nets remaining: 313
Finished routing net _48_
Nets remaining: 312
Finished routing net _53_
Nets remaining: 311
Finished routing net d31.q
Nets remaining: 310
Finished routing net _54_
Nets remaining: 309
Finished routing net d31.d
Nets remaining: 308
Finished routing net _55_
Nets remaining: 307
Finished routing net _52_
Nets remaining: 306
Finished routing net _57_
Nets remaining: 305
Finished routing net d32.q
Nets remaining: 304
Finished routing net _58_
Nets remaining: 303
Finished routing net d32.d
Nets remaining: 302
Finished routing net _59_
Nets remaining: 301
Finished routing net _56_
Nets remaining: 300
Finished routing net _61_
Nets remaining: 299
Finished routing net d33.q
Nets remaining: 298
Finished routing net _62_
Nets remaining: 297
Finished routing net d33.d
Nets remaining: 296
Finished routing net _63_
Nets remaining: 295
Finished routing net _60_
Nets remaining: 294
Finished routing net _65_
Nets remaining: 293
Finished routing net d34.q
Nets remaining: 292
Finished routing net _66_
Nets remaining: 291
Finished routing net d34.d
Nets remaining: 290
Finished routing net _67_
Nets remaining: 289
Finished routing net _64_
Nets remaining: 288
Finished routing net _69_
Nets remaining: 287
Finished routing net _68_
Nets remaining: 286
Finished routing net _71_
Nets remaining: 285
Finished routing net f1.q
Nets remaining: 284
Finished routing net _72_
Nets remaining: 283
Finished routing net f1.d
Nets remaining: 282
Finished routing net _73_
Nets remaining: 281
Finished routing net _70_
Nets remaining: 280
Finished routing net _75_
Nets remaining: 279
Finished routing net f2.q
Nets remaining: 278
Finished routing net _76_
Nets remaining: 277
Finished routing net f2.d
Nets remaining: 276
Finished routing net _77_
Nets remaining: 275
Finished routing net _74_
Nets remaining: 274
Finished routing net _79_
Nets remaining: 273
Finished routing net f3.q
Nets remaining: 272
Finished routing net _80_
Nets remaining: 271
Finished routing net f3.d
Nets remaining: 270
Finished routing net _81_
Nets remaining: 269
Finished routing net _78_
Nets remaining: 268
Finished routing net _83_
Nets remaining: 267
Finished routing net f4.q
Nets remaining: 266
Finished routing net _84_
Nets remaining: 265
Finished routing net f4.d
Nets remaining: 264
Finished routing net _85_
Nets remaining: 263
Finished routing net _82_
Nets remaining: 262
Finished routing net m1.c1.y[0]
Nets remaining: 261
Finished routing net _88_
Nets remaining: 260
Finished routing net _89_
Nets remaining: 259
Finished routing net _91_
Nets remaining: 258
Finished routing net _92_
Nets remaining: 257
Finished routing net _93_
Nets remaining: 256
Finished routing net _95_
Nets remaining: 255
Finished routing net m1.c1.y[1]
Nets remaining: 254
Finished routing net _96_
Nets remaining: 253
Finished routing net _97_
Nets remaining: 252
Finished routing net _98_
Nets remaining: 251
Finished routing net _99_
Nets remaining: 250
Finished routing net _100_
Nets remaining: 249
Finished routing net _101_
Nets remaining: 248
Finished routing net m1.c1.y[2]
Nets remaining: 247
Finished routing net _102_
Nets remaining: 246
Finished routing net _103_
Nets remaining: 245
Finished routing net _104_
Nets remaining: 244
Finished routing net _105_
Nets remaining: 243
Finished routing net _106_
Nets remaining: 242
Finished routing net _107_
Nets remaining: 241
Finished routing net m1.c1.y[3]
Nets remaining: 240
Finished routing net _108_
Nets remaining: 239
Finished routing net _109_
Nets remaining: 238
Finished routing net _110_
Nets remaining: 237
Finished routing net _111_
Nets remaining: 236
Finished routing net _112_
Nets remaining: 235
Finished routing net _113_
Nets remaining: 234
Finished routing net _144_
Nets remaining: 233
Finished routing net _142_
Nets remaining: 232
Finished routing net _145_
Nets remaining: 231
Finished routing net _141_
Nets remaining: 230
Finished routing net _146_
Nets remaining: 229
Finished routing net _138_
Nets remaining: 228
Finished routing net _116_
Nets remaining: 227
Finished routing net _117_
Nets remaining: 226
Finished routing net _118_
Nets remaining: 225
Finished routing net _120_
Nets remaining: 224
Finished routing net _121_
Nets remaining: 223
Finished routing net _122_
Nets remaining: 222
Finished routing net _126_
Nets remaining: 221
Finished routing net _127_
Nets remaining: 220
Finished routing net _130_
Nets remaining: 219
Finished routing net _134_
Nets remaining: 218
Finished routing net _135_
Nets remaining: 217
Finished routing net _136_
Nets remaining: 216
Finished routing net _140_
Nets remaining: 215
Finished routing net m2.c1.y[0]
Nets remaining: 214
Finished routing net _150_
Nets remaining: 213
Finished routing net _151_
Nets remaining: 212
Finished routing net _153_
Nets remaining: 211
Finished routing net _154_
Nets remaining: 210
Finished routing net _155_
Nets remaining: 209
Finished routing net _157_
Nets remaining: 208
Finished routing net m2.c1.y[1]
Nets remaining: 207
Finished routing net _158_
Nets remaining: 206
Finished routing net _159_
Nets remaining: 205
Finished routing net _160_
Nets remaining: 204
Finished routing net _161_
Nets remaining: 203
Finished routing net _162_
Nets remaining: 202
Finished routing net _163_
Nets remaining: 201
Finished routing net m2.c1.y[2]
Nets remaining: 200
Finished routing net _164_
Nets remaining: 199
Finished routing net _165_
Nets remaining: 198
Finished routing net _166_
Nets remaining: 197
Finished routing net _167_
Nets remaining: 196
Finished routing net _168_
Nets remaining: 195
Finished routing net _169_
Nets remaining: 194
Finished routing net m2.c1.y[3]
Nets remaining: 193
Finished routing net _170_
Nets remaining: 192
Finished routing net _171_
Nets remaining: 191
Finished routing net _172_
Nets remaining: 190
Finished routing net _173_
Nets remaining: 189
Finished routing net _174_
Nets remaining: 188
Finished routing net _175_
Nets remaining: 187
Finished routing net _206_
Nets remaining: 186
Finished routing net _204_
Nets remaining: 185
Finished routing net _207_
Nets remaining: 184
Finished routing net _203_
Nets remaining: 183
Finished routing net _208_
Nets remaining: 182
Finished routing net _200_
Nets remaining: 181
Finished routing net _178_
Nets remaining: 180
Finished routing net _179_
Nets remaining: 179
Finished routing net _180_
Nets remaining: 178
Finished routing net _182_
Nets remaining: 177
Finished routing net _183_
Nets remaining: 176
Finished routing net _184_
Nets remaining: 175
Finished routing net _188_
Nets remaining: 174
Finished routing net _189_
Nets remaining: 173
Finished routing net _192_
Nets remaining: 172
Finished routing net _196_
Nets remaining: 171
Finished routing net _197_
Nets remaining: 170
Finished routing net _198_
Nets remaining: 169
Finished routing net _202_
Nets remaining: 168
Finished routing net m3.c1.y[0]
Nets remaining: 167
Finished routing net _212_
Nets remaining: 166
Finished routing net _213_
Nets remaining: 165
Finished routing net _215_
Nets remaining: 164
Finished routing net _216_
Nets remaining: 163
Finished routing net _217_
Nets remaining: 162
Finished routing net _219_
Nets remaining: 161
Finished routing net m3.c1.y[1]
Nets remaining: 160
Finished routing net _220_
Nets remaining: 159
Finished routing net _221_
Nets remaining: 158
Finished routing net _222_
Nets remaining: 157
Finished routing net _223_
Nets remaining: 156
Finished routing net _224_
Nets remaining: 155
Finished routing net _225_
Nets remaining: 154
Finished routing net m3.c1.y[2]
Nets remaining: 153
Finished routing net _226_
Nets remaining: 152
Finished routing net _227_
Nets remaining: 151
Finished routing net _228_
Nets remaining: 150
Finished routing net _229_
Nets remaining: 149
Finished routing net _230_
Nets remaining: 148
Finished routing net _231_
Nets remaining: 147
Finished routing net m3.c1.y[3]
Nets remaining: 146
Finished routing net _232_
Nets remaining: 145
Finished routing net _233_
Nets remaining: 144
Finished routing net _234_
Nets remaining: 143
Finished routing net _235_
Nets remaining: 142
Finished routing net _236_
Nets remaining: 141
Finished routing net _237_
Nets remaining: 140
Finished routing net _268_
Nets remaining: 139
Finished routing net _266_
Nets remaining: 138
Finished routing net _269_
Nets remaining: 137
Finished routing net _265_
Nets remaining: 136
Finished routing net _270_
Nets remaining: 135
Finished routing net _262_
Nets remaining: 134
Finished routing net _240_
Nets remaining: 133
Finished routing net _241_
Nets remaining: 132
Finished routing net _242_
Nets remaining: 131
Finished routing net _244_
Nets remaining: 130
Finished routing net _245_
Nets remaining: 129
Finished routing net _246_
Nets remaining: 128
Finished routing net _250_
Nets remaining: 127
Finished routing net _251_
Nets remaining: 126
Finished routing net _254_
Nets remaining: 125
Finished routing net _258_
Nets remaining: 124
Finished routing net _259_
Nets remaining: 123
Finished routing net _260_
Nets remaining: 122
Finished routing net _264_
Nets remaining: 121
Finished routing net m4.c1.y[0]
Nets remaining: 120
Finished routing net _274_
Nets remaining: 119
Finished routing net _275_
Nets remaining: 118
Finished routing net _277_
Nets remaining: 117
Finished routing net _278_
Nets remaining: 116
Finished routing net _279_
Nets remaining: 115
Finished routing net _281_
Nets remaining: 114
Finished routing net m4.c1.y[1]
Nets remaining: 113
Finished routing net _282_
Nets remaining: 112
Finished routing net _283_
Nets remaining: 111
Finished routing net _284_
Nets remaining: 110
Finished routing net _285_
Nets remaining: 109
Finished routing net _286_
Nets remaining: 108
Finished routing net _287_
Nets remaining: 107
Finished routing net m4.c1.y[2]
Nets remaining: 106
Finished routing net _288_
Nets remaining: 105
Finished routing net _289_
Nets remaining: 104
Finished routing net _290_
Nets remaining: 103
Finished routing net _291_
Nets remaining: 102
Finished routing net _292_
Nets remaining: 101
Finished routing net _293_
Nets remaining: 100
Finished routing net m4.c1.y[3]
Nets remaining: 99
Finished routing net _294_
Nets remaining: 98
Finished routing net _295_
Nets remaining: 97
Finished routing net _296_
Nets remaining: 96
Finished routing net _297_
Nets remaining: 95
Finished routing net _298_
Nets remaining: 94
Finished routing net _299_
Nets remaining: 93
Finished routing net _330_
Nets remaining: 92
Finished routing net _328_
Nets remaining: 91
Finished routing net _331_
Nets remaining: 90
Finished routing net _327_
Nets remaining: 89
Finished routing net _332_
Nets remaining: 88
Finished routing net _324_
Nets remaining: 87
Finished routing net _302_
Nets remaining: 86
Finished routing net _303_
Nets remaining: 85
Finished routing net _304_
Nets remaining: 84
Finished routing net _306_
Nets remaining: 83
Finished routing net _307_
Nets remaining: 82
Finished routing net _308_
Nets remaining: 81
Finished routing net _312_
Nets remaining: 80
Finished routing net _313_
Nets remaining: 79
Finished routing net _316_
Nets remaining: 78
Finished routing net _320_
Nets remaining: 77
Finished routing net _321_
Nets remaining: 76
Finished routing net _322_
Nets remaining: 75
Finished routing net _326_
Nets remaining: 74
Finished routing net data_out_a[0]
Nets remaining: 73
Finished routing net data_out_a[1]
Nets remaining: 72
Finished routing net data_out_a[10]
Nets remaining: 71
Finished routing net data_out_a[11]
Nets remaining: 70
Finished routing net data_out_a[12]
Nets remaining: 69
Finished routing net data_out_a[13]
Nets remaining: 68
Finished routing net data_out_a[14]
Nets remaining: 67
Finished routing net data_out_a[15]
Nets remaining: 66
Finished routing net data_out_a[2]
Nets remaining: 65
Finished routing net data_out_a[3]
Nets remaining: 64
Finished routing net data_out_a[4]
Nets remaining: 63
Finished routing net data_out_a[5]
Nets remaining: 62
Finished routing net data_out_a[6]
Nets remaining: 61
Finished routing net data_out_a[7]
Nets remaining: 60
Finished routing net data_out_a[8]
Nets remaining: 59
Finished routing net data_out_a[9]
Nets remaining: 58
Finished routing net data_out_b[0]
Nets remaining: 57
Finished routing net data_out_b[1]
Nets remaining: 56
Finished routing net data_out_b[10]
Nets remaining: 55
Finished routing net data_out_b[11]
Nets remaining: 54
Finished routing net data_out_b[12]
Nets remaining: 53
Finished routing net data_out_b[13]
Nets remaining: 52
Finished routing net data_out_b[14]
Nets remaining: 51
Finished routing net data_out_b[15]
Nets remaining: 50
Finished routing net data_out_b[2]
Nets remaining: 49
Finished routing net data_out_b[3]
Nets remaining: 48
Finished routing net data_out_b[4]
Nets remaining: 47
Finished routing net data_out_b[5]
Nets remaining: 46
Finished routing net data_out_b[6]
Nets remaining: 45
Finished routing net data_out_b[7]
Nets remaining: 44
Finished routing net data_out_b[8]
Nets remaining: 43
Finished routing net data_out_b[9]
Nets remaining: 42

----------------------------------------------
Progress: Stage 1 total routes completed: 854
No failed routes!
----------------------------------------------
*** Running stage3 routing with defaults, 1st round
Finished routing net write[0]
Nets remaining: 475
Finished routing net write[1]
Nets remaining: 474
Finished routing net data_a[3]
Nets remaining: 473
Finished routing net data_b[3]
Nets remaining: 472
Finished routing net data_a[2]
Nets remaining: 471
Finished routing net data_b[2]
Nets remaining: 470
Finished routing net rst
Nets remaining: 469
Finished routing net clck
Nets remaining: 468
Finished routing net data_a[1]
Nets remaining: 467
Finished routing net data_b[1]
Nets remaining: 466
Finished routing net data_a[0]
Nets remaining: 465
Finished routing net data_b[0]
Nets remaining: 464
Finished routing net f1.write
Nets remaining: 463
Finished routing net d11.write
Nets remaining: 462
Finished routing net d21.write
Nets remaining: 461
Finished routing net d31.write
Nets remaining: 460
Finished routing net _87_
Nets remaining: 459
Finished routing net _149_
Nets remaining: 458
Finished routing net _211_
Nets remaining: 457
Finished routing net _273_
Nets remaining: 456
Finished routing net _86_
Nets remaining: 455
Finished routing net _148_
Nets remaining: 454
Finished routing net _210_
Nets remaining: 453
Finished routing net _272_
Nets remaining: 452
Finished routing net _90_
Nets remaining: 451
Finished routing net _152_
Nets remaining: 450
Finished routing net _214_
Nets remaining: 449
Finished routing net _276_
Nets remaining: 448
Finished routing net address_read_b[0]
Nets remaining: 447
Finished routing net address_read_b[1]
Nets remaining: 446
Finished routing net address_read_a[1]
Nets remaining: 445
Finished routing net address_read_a[0]
Nets remaining: 444
Finished routing net address[0]
Nets remaining: 443
Finished routing net address[1]
Nets remaining: 442
Finished routing net _94_
Nets remaining: 441
Finished routing net _147_
Nets remaining: 440
Finished routing net _137_
Nets remaining: 439
Finished routing net _156_
Nets remaining: 438
Finished routing net _209_
Nets remaining: 437
Finished routing net _199_
Nets remaining: 436
Finished routing net _218_
Nets remaining: 435
Finished routing net _271_
Nets remaining: 434
Finished routing net _261_
Nets remaining: 433
Finished routing net _280_
Nets remaining: 432
Finished routing net _333_
Nets remaining: 431
Finished routing net _323_
Nets remaining: 430
Finished routing net _14_
Nets remaining: 429
Finished routing net _18_
Nets remaining: 428
Finished routing net read_b
Nets remaining: 427
Finished routing net read_a
Nets remaining: 426
Finished routing net _129_
Nets remaining: 425
Finished routing net _119_
Nets remaining: 424
Finished routing net _114_
Nets remaining: 423
Finished routing net _115_
Nets remaining: 422
Finished routing net _125_
Nets remaining: 421
Finished routing net _139_
Nets remaining: 420
Finished routing net _133_
Nets remaining: 419
Keeping route for net _143_
Finished routing net _131_
Nets remaining: 417
Finished routing net _128_
Nets remaining: 416
Finished routing net _123_
Nets remaining: 415
Finished routing net _124_
Nets remaining: 414
Finished routing net _132_
Nets remaining: 413
Finished routing net _191_
Nets remaining: 412
Finished routing net _181_
Nets remaining: 411
Finished routing net _176_
Nets remaining: 410
Finished routing net _177_
Nets remaining: 409
Keeping route for net _187_
Finished routing net _201_
Nets remaining: 407
Finished routing net _195_
Nets remaining: 406
Finished routing net _205_
Nets remaining: 405
Finished routing net _193_
Nets remaining: 404
Finished routing net _190_
Nets remaining: 403
Finished routing net _185_
Nets remaining: 402
Finished routing net _186_
Nets remaining: 401
Finished routing net _194_
Nets remaining: 400
Finished routing net _253_
Nets remaining: 399
Finished routing net _243_
Nets remaining: 398
Keeping route for net _238_
Finished routing net _239_
Nets remaining: 396
Finished routing net _249_
Nets remaining: 395
Finished routing net _263_
Nets remaining: 394
Finished routing net _257_
Nets remaining: 393
Finished routing net _267_
Nets remaining: 392
Finished routing net _255_
Nets remaining: 391
Finished routing net _252_
Nets remaining: 390
Finished routing net _247_
Nets remaining: 389
Finished routing net _248_
Nets remaining: 388
Finished routing net _256_
Nets remaining: 387
Finished routing net _315_
Nets remaining: 386
Finished routing net _305_
Nets remaining: 385
Finished routing net _300_
Nets remaining: 384
Finished routing net _301_
Nets remaining: 383
Keeping route for net _311_
Finished routing net _325_
Nets remaining: 381
Finished routing net _319_
Nets remaining: 380
Keeping route for net _329_
Finished routing net _317_
Nets remaining: 378
Keeping route for net _314_
Finished routing net _309_
Nets remaining: 376
Finished routing net _310_
Nets remaining: 375
Keeping route for net _318_
Finished routing net dd1.y[0]
Nets remaining: 373
Finished routing net _8_
Nets remaining: 372
Finished routing net dd1.y[1]
Nets remaining: 371
Keeping route for net _9_
Finished routing net dd1.y[2]
Nets remaining: 369
Finished routing net _10_
Nets remaining: 368
Keeping route for net dd1.y[3]
Finished routing net _11_
Nets remaining: 366
Keeping route for net _12_
Keeping route for net _13_
Keeping route for net _15_
Keeping route for net _16_
Keeping route for net _17_
Keeping route for net _19_
Finished routing net _21_
Nets remaining: 359
Finished routing net d11.q
Nets remaining: 358
Keeping route for net _22_
Finished routing net d11.d
Nets remaining: 356
Finished routing net _23_
Nets remaining: 355
Keeping route for net _20_
Keeping route for net _25_
Finished routing net d12.q
Nets remaining: 352
Finished routing net _26_
Nets remaining: 351
Finished routing net d12.d
Nets remaining: 350
Keeping route for net _27_
Finished routing net _24_
Nets remaining: 348
Keeping route for net _29_
Finished routing net d13.q
Nets remaining: 346
Finished routing net _30_
Nets remaining: 345
Keeping route for net d13.d
Finished routing net _31_
Nets remaining: 343
Finished routing net _28_
Nets remaining: 342
Keeping route for net _33_
Finished routing net d14.q
Nets remaining: 340
Finished routing net _34_
Nets remaining: 339
Finished routing net d14.d
Nets remaining: 338
Finished routing net _35_
Nets remaining: 337
Finished routing net _32_
Nets remaining: 336
Keeping route for net _37_
Finished routing net d21.q
Nets remaining: 334
Finished routing net _38_
Nets remaining: 333
Finished routing net d21.d
Nets remaining: 332
Finished routing net _39_
Nets remaining: 331
Finished routing net _36_
Nets remaining: 330
Finished routing net _41_
Nets remaining: 329
Finished routing net d22.q
Nets remaining: 328
Finished routing net _42_
Nets remaining: 327
Finished routing net d22.d
Nets remaining: 326
Finished routing net _43_
Nets remaining: 325
Finished routing net _40_
Nets remaining: 324
Finished routing net _45_
Nets remaining: 323
Finished routing net d23.q
Nets remaining: 322
Keeping route for net _46_
Finished routing net d23.d
Nets remaining: 320
Finished routing net _47_
Nets remaining: 319
Finished routing net _44_
Nets remaining: 318
Finished routing net _49_
Nets remaining: 317
Finished routing net d24.q
Nets remaining: 316
Keeping route for net _50_
Keeping route for net d24.d
Keeping route for net _51_
Finished routing net _48_
Nets remaining: 312
Keeping route for net _53_
Finished routing net d31.q
Nets remaining: 310
Finished routing net _54_
Nets remaining: 309
Keeping route for net d31.d
Finished routing net _55_
Nets remaining: 307
Finished routing net _52_
Nets remaining: 306
Keeping route for net _57_
Finished routing net d32.q
Nets remaining: 304
Finished routing net _58_
Nets remaining: 303
Finished routing net d32.d
Nets remaining: 302
Keeping route for net _59_
Finished routing net _56_
Nets remaining: 300
Keeping route for net _61_
Keeping route for net d33.q
Finished routing net _62_
Nets remaining: 297
Finished routing net d33.d
Nets remaining: 296
Finished routing net _63_
Nets remaining: 295
Finished routing net _60_
Nets remaining: 294
Keeping route for net _65_
Finished routing net d34.q
Nets remaining: 292
Keeping route for net _66_
Finished routing net d34.d
Nets remaining: 290
Finished routing net _67_
Nets remaining: 289
Finished routing net _64_
Nets remaining: 288
Keeping route for net _69_
Keeping route for net _68_
Keeping route for net _71_
Finished routing net f1.q
Nets remaining: 284
Finished routing net _72_
Nets remaining: 283
Finished routing net f1.d
Nets remaining: 282
Finished routing net _73_
Nets remaining: 281
Finished routing net _70_
Nets remaining: 280
Keeping route for net _75_
Finished routing net f2.q
Nets remaining: 278
Finished routing net _76_
Nets remaining: 277
Finished routing net f2.d
Nets remaining: 276
Finished routing net _77_
Nets remaining: 275
Finished routing net _74_
Nets remaining: 274
Finished routing net _79_
Nets remaining: 273
Finished routing net f3.q
Nets remaining: 272
Finished routing net _80_
Nets remaining: 271
Finished routing net f3.d
Nets remaining: 270
Finished routing net _81_
Nets remaining: 269
Finished routing net _78_
Nets remaining: 268
Finished routing net _83_
Nets remaining: 267
Finished routing net f4.q
Nets remaining: 266
Keeping route for net _84_
Keeping route for net f4.d
Finished routing net _85_
Nets remaining: 263
Finished routing net _82_
Nets remaining: 262
Finished routing net m1.c1.y[0]
Nets remaining: 261
Finished routing net _88_
Nets remaining: 260
Keeping route for net _89_
Finished routing net _91_
Nets remaining: 258
Finished routing net _92_
Nets remaining: 257
Finished routing net _93_
Nets remaining: 256
Finished routing net _95_
Nets remaining: 255
Keeping route for net m1.c1.y[1]
Keeping route for net _96_
Keeping route for net _97_
Finished routing net _98_
Nets remaining: 251
Finished routing net _99_
Nets remaining: 250
Finished routing net _100_
Nets remaining: 249
Finished routing net _101_
Nets remaining: 248
Finished routing net m1.c1.y[2]
Nets remaining: 247
Finished routing net _102_
Nets remaining: 246
Finished routing net _103_
Nets remaining: 245
Finished routing net _104_
Nets remaining: 244
Finished routing net _105_
Nets remaining: 243
Finished routing net _106_
Nets remaining: 242
Finished routing net _107_
Nets remaining: 241
Finished routing net m1.c1.y[3]
Nets remaining: 240
Keeping route for net _108_
Finished routing net _109_
Nets remaining: 238
Finished routing net _110_
Nets remaining: 237
Finished routing net _111_
Nets remaining: 236
Finished routing net _112_
Nets remaining: 235
Keeping route for net _113_
Finished routing net _144_
Nets remaining: 233
Keeping route for net _142_
Finished routing net _145_
Nets remaining: 231
Finished routing net _141_
Nets remaining: 230
Finished routing net _146_
Nets remaining: 229
Keeping route for net _138_
Finished routing net _116_
Nets remaining: 227
Finished routing net _117_
Nets remaining: 226
Finished routing net _118_
Nets remaining: 225
Keeping route for net _120_
Keeping route for net _121_
Keeping route for net _122_
Finished routing net _126_
Nets remaining: 221
Finished routing net _127_
Nets remaining: 220
Keeping route for net _130_
Keeping route for net _134_
Finished routing net _135_
Nets remaining: 217
Finished routing net _136_
Nets remaining: 216
Keeping route for net _140_
Finished routing net m2.c1.y[0]
Nets remaining: 214
Finished routing net _150_
Nets remaining: 213
Finished routing net _151_
Nets remaining: 212
Finished routing net _153_
Nets remaining: 211
Finished routing net _154_
Nets remaining: 210
Finished routing net _155_
Nets remaining: 209
Keeping route for net _157_
Keeping route for net m2.c1.y[1]
Finished routing net _158_
Nets remaining: 206
Finished routing net _159_
Nets remaining: 205
Finished routing net _160_
Nets remaining: 204
Finished routing net _161_
Nets remaining: 203
Finished routing net _162_
Nets remaining: 202
Keeping route for net _163_
Finished routing net m2.c1.y[2]
Nets remaining: 200
Finished routing net _164_
Nets remaining: 199
Finished routing net _165_
Nets remaining: 198
Finished routing net _166_
Nets remaining: 197
Finished routing net _167_
Nets remaining: 196
Finished routing net _168_
Nets remaining: 195
Finished routing net _169_
Nets remaining: 194
Finished routing net m2.c1.y[3]
Nets remaining: 193
Finished routing net _170_
Nets remaining: 192
Finished routing net _171_
Nets remaining: 191
Finished routing net _172_
Nets remaining: 190
Finished routing net _173_
Nets remaining: 189
Finished routing net _174_
Nets remaining: 188
Keeping route for net _175_
Finished routing net _206_
Nets remaining: 186
Finished routing net _204_
Nets remaining: 185
Finished routing net _207_
Nets remaining: 184
Finished routing net _203_
Nets remaining: 183
Finished routing net _208_
Nets remaining: 182
Finished routing net _200_
Nets remaining: 181
Finished routing net _178_
Nets remaining: 180
Finished routing net _179_
Nets remaining: 179
Finished routing net _180_
Nets remaining: 178
Finished routing net _182_
Nets remaining: 177
Keeping route for net _183_
Finished routing net _184_
Nets remaining: 175
Finished routing net _188_
Nets remaining: 174
Finished routing net _189_
Nets remaining: 173
Finished routing net _192_
Nets remaining: 172
Keeping route for net _196_
Finished routing net _197_
Nets remaining: 170
Finished routing net _198_
Nets remaining: 169
Finished routing net _202_
Nets remaining: 168
Keeping route for net m3.c1.y[0]
Keeping route for net _212_
Finished routing net _213_
Nets remaining: 165
Finished routing net _215_
Nets remaining: 164
Finished routing net _216_
Nets remaining: 163
Finished routing net _217_
Nets remaining: 162
Finished routing net _219_
Nets remaining: 161
Keeping route for net m3.c1.y[1]
Finished routing net _220_
Nets remaining: 159
Keeping route for net _221_
Finished routing net _222_
Nets remaining: 157
Finished routing net _223_
Nets remaining: 156
Finished routing net _224_
Nets remaining: 155
Keeping route for net _225_
Finished routing net m3.c1.y[2]
Nets remaining: 153
Finished routing net _226_
Nets remaining: 152
Finished routing net _227_
Nets remaining: 151
Finished routing net _228_
Nets remaining: 150
Finished routing net _229_
Nets remaining: 149
Finished routing net _230_
Nets remaining: 148
Finished routing net _231_
Nets remaining: 147
Finished routing net m3.c1.y[3]
Nets remaining: 146
Finished routing net _232_
Nets remaining: 145
Keeping route for net _233_
Keeping route for net _234_
Keeping route for net _235_
Keeping route for net _236_
Keeping route for net _237_
Finished routing net _268_
Nets remaining: 139
Keeping route for net _266_
Finished routing net _269_
Nets remaining: 137
Finished routing net _265_
Nets remaining: 136
Finished routing net _270_
Nets remaining: 135
Finished routing net _262_
Nets remaining: 134
Finished routing net _240_
Nets remaining: 133
Finished routing net _241_
Nets remaining: 132
Finished routing net _242_
Nets remaining: 131
Finished routing net _244_
Nets remaining: 130
Keeping route for net _245_
Keeping route for net _246_
Finished routing net _250_
Nets remaining: 127
Finished routing net _251_
Nets remaining: 126
Keeping route for net _254_
Finished routing net _258_
Nets remaining: 124
Finished routing net _259_
Nets remaining: 123
Finished routing net _260_
Nets remaining: 122
Keeping route for net _264_
Finished routing net m4.c1.y[0]
Nets remaining: 120
Finished routing net _274_
Nets remaining: 119
Finished routing net _275_
Nets remaining: 118
Finished routing net _277_
Nets remaining: 117
Keeping route for net _278_
Finished routing net _279_
Nets remaining: 115
Finished routing net _281_
Nets remaining: 114
Finished routing net m4.c1.y[1]
Nets remaining: 113
Keeping route for net _282_
Finished routing net _283_
Nets remaining: 111
Keeping route for net _284_
Finished routing net _285_
Nets remaining: 109
Keeping route for net _286_
Finished routing net _287_
Nets remaining: 107
Finished routing net m4.c1.y[2]
Nets remaining: 106
Finished routing net _288_
Nets remaining: 105
Keeping route for net _289_
Finished routing net _290_
Nets remaining: 103
Finished routing net _291_
Nets remaining: 102
Finished routing net _292_
Nets remaining: 101
Keeping route for net _293_
Finished routing net m4.c1.y[3]
Nets remaining: 99
Finished routing net _294_
Nets remaining: 98
Finished routing net _295_
Nets remaining: 97
Finished routing net _296_
Nets remaining: 96
Finished routing net _297_
Nets remaining: 95
Finished routing net _298_
Nets remaining: 94
Keeping route for net _299_
Finished routing net _330_
Nets remaining: 92
Keeping route for net _328_
Finished routing net _331_
Nets remaining: 90
Finished routing net _327_
Nets remaining: 89
Keeping route for net _332_
Keeping route for net _324_
Keeping route for net _302_
Finished routing net _303_
Nets remaining: 85
Finished routing net _304_
Nets remaining: 84
Finished routing net _306_
Nets remaining: 83
Keeping route for net _307_
Keeping route for net _308_
Finished routing net _312_
Nets remaining: 80
Finished routing net _313_
Nets remaining: 79
Keeping route for net _316_
Finished routing net _320_
Nets remaining: 77
Finished routing net _321_
Nets remaining: 76
Finished routing net _322_
Nets remaining: 75
Keeping route for net _326_
Keeping route for net data_out_a[0]
Finished routing net data_out_a[1]
Nets remaining: 72
Finished routing net data_out_a[10]
Nets remaining: 71
Finished routing net data_out_a[11]
Nets remaining: 70
Finished routing net data_out_a[12]
Nets remaining: 69
Keeping route for net data_out_a[13]
Keeping route for net data_out_a[14]
Keeping route for net data_out_a[15]
Keeping route for net data_out_a[2]
Finished routing net data_out_a[3]
Nets remaining: 64
Keeping route for net data_out_a[4]
Keeping route for net data_out_a[5]
Finished routing net data_out_a[6]
Nets remaining: 61
Finished routing net data_out_a[7]
Nets remaining: 60
Keeping route for net data_out_a[8]
Finished routing net data_out_a[9]
Nets remaining: 58
Finished routing net data_out_b[0]
Nets remaining: 57
Keeping route for net data_out_b[1]
Keeping route for net data_out_b[10]
Finished routing net data_out_b[11]
Nets remaining: 54
Finished routing net data_out_b[12]
Nets remaining: 53
Keeping route for net data_out_b[13]
Finished routing net data_out_b[14]
Nets remaining: 51
Finished routing net data_out_b[15]
Nets remaining: 50
Keeping route for net data_out_b[2]
Keeping route for net data_out_b[3]
Finished routing net data_out_b[4]
Nets remaining: 47
Finished routing net data_out_b[5]
Nets remaining: 46
Finished routing net data_out_b[6]
Nets remaining: 45
Finished routing net data_out_b[7]
Nets remaining: 44
Keeping route for net data_out_b[8]
Keeping route for net data_out_b[9]

----------------------------------------------
Progress: Stage 3 total routes completed: 1595
No failed routes!
----------------------------------------------
*** Running stage3 routing with defaults, 2nd round
Finished routing net write[0]
Nets remaining: 475
Finished routing net write[1]
Nets remaining: 474
Finished routing net data_a[3]
Nets remaining: 473
Finished routing net data_b[3]
Nets remaining: 472
Finished routing net data_a[2]
Nets remaining: 471
Finished routing net data_b[2]
Nets remaining: 470
Finished routing net rst
Nets remaining: 469
Finished routing net clck
Nets remaining: 468
Finished routing net data_a[1]
Nets remaining: 467
Finished routing net data_b[1]
Nets remaining: 466
Finished routing net data_a[0]
Nets remaining: 465
Finished routing net data_b[0]
Nets remaining: 464
Finished routing net f1.write
Nets remaining: 463
Finished routing net d11.write
Nets remaining: 462
Finished routing net d21.write
Nets remaining: 461
Finished routing net d31.write
Nets remaining: 460
Finished routing net _87_
Nets remaining: 459
Finished routing net _149_
Nets remaining: 458
Finished routing net _211_
Nets remaining: 457
Finished routing net _273_
Nets remaining: 456
Finished routing net _86_
Nets remaining: 455
Finished routing net _148_
Nets remaining: 454
Finished routing net _210_
Nets remaining: 453
Finished routing net _272_
Nets remaining: 452
Finished routing net _90_
Nets remaining: 451
Finished routing net _152_
Nets remaining: 450
Finished routing net _214_
Nets remaining: 449
Finished routing net _276_
Nets remaining: 448
Finished routing net address_read_b[0]
Nets remaining: 447
Finished routing net address_read_b[1]
Nets remaining: 446
Finished routing net address_read_a[1]
Nets remaining: 445
Finished routing net address_read_a[0]
Nets remaining: 444
Finished routing net address[0]
Nets remaining: 443
Finished routing net address[1]
Nets remaining: 442
Finished routing net _94_
Nets remaining: 441
Finished routing net _147_
Nets remaining: 440
Finished routing net _137_
Nets remaining: 439
Finished routing net _156_
Nets remaining: 438
Finished routing net _209_
Nets remaining: 437
Finished routing net _199_
Nets remaining: 436
Finished routing net _218_
Nets remaining: 435
Finished routing net _271_
Nets remaining: 434
Finished routing net _261_
Nets remaining: 433
Finished routing net _280_
Nets remaining: 432
Finished routing net _333_
Nets remaining: 431
Finished routing net _323_
Nets remaining: 430
Finished routing net _14_
Nets remaining: 429
Finished routing net _18_
Nets remaining: 428
Finished routing net read_b
Nets remaining: 427
Finished routing net read_a
Nets remaining: 426
Finished routing net _129_
Nets remaining: 425
Finished routing net _119_
Nets remaining: 424
Finished routing net _114_
Nets remaining: 423
Finished routing net _115_
Nets remaining: 422
Finished routing net _125_
Nets remaining: 421
Finished routing net _139_
Nets remaining: 420
Finished routing net _133_
Nets remaining: 419
Keeping route for net _143_
Finished routing net _131_
Nets remaining: 417
Finished routing net _128_
Nets remaining: 416
Finished routing net _123_
Nets remaining: 415
Finished routing net _124_
Nets remaining: 414
Finished routing net _132_
Nets remaining: 413
Finished routing net _191_
Nets remaining: 412
Finished routing net _181_
Nets remaining: 411
Finished routing net _176_
Nets remaining: 410
Finished routing net _177_
Nets remaining: 409
Keeping route for net _187_
Finished routing net _201_
Nets remaining: 407
Finished routing net _195_
Nets remaining: 406
Finished routing net _205_
Nets remaining: 405
Finished routing net _193_
Nets remaining: 404
Finished routing net _190_
Nets remaining: 403
Finished routing net _185_
Nets remaining: 402
Finished routing net _186_
Nets remaining: 401
Finished routing net _194_
Nets remaining: 400
Finished routing net _253_
Nets remaining: 399
Finished routing net _243_
Nets remaining: 398
Keeping route for net _238_
Finished routing net _239_
Nets remaining: 396
Finished routing net _249_
Nets remaining: 395
Finished routing net _263_
Nets remaining: 394
Finished routing net _257_
Nets remaining: 393
Finished routing net _267_
Nets remaining: 392
Finished routing net _255_
Nets remaining: 391
Finished routing net _252_
Nets remaining: 390
Finished routing net _247_
Nets remaining: 389
Finished routing net _248_
Nets remaining: 388
Finished routing net _256_
Nets remaining: 387
Finished routing net _315_
Nets remaining: 386
Finished routing net _305_
Nets remaining: 385
Finished routing net _300_
Nets remaining: 384
Finished routing net _301_
Nets remaining: 383
Keeping route for net _311_
Finished routing net _325_
Nets remaining: 381
Finished routing net _319_
Nets remaining: 380
Keeping route for net _329_
Finished routing net _317_
Nets remaining: 378
Keeping route for net _314_
Finished routing net _309_
Nets remaining: 376
Finished routing net _310_
Nets remaining: 375
Keeping route for net _318_
Finished routing net dd1.y[0]
Nets remaining: 373
Finished routing net _8_
Nets remaining: 372
Finished routing net dd1.y[1]
Nets remaining: 371
Keeping route for net _9_
Finished routing net dd1.y[2]
Nets remaining: 369
Finished routing net _10_
Nets remaining: 368
Keeping route for net dd1.y[3]
Finished routing net _11_
Nets remaining: 366
Keeping route for net _12_
Keeping route for net _13_
Keeping route for net _15_
Keeping route for net _16_
Keeping route for net _17_
Keeping route for net _19_
Finished routing net _21_
Nets remaining: 359
Finished routing net d11.q
Nets remaining: 358
Keeping route for net _22_
Finished routing net d11.d
Nets remaining: 356
Finished routing net _23_
Nets remaining: 355
Keeping route for net _20_
Keeping route for net _25_
Finished routing net d12.q
Nets remaining: 352
Finished routing net _26_
Nets remaining: 351
Finished routing net d12.d
Nets remaining: 350
Keeping route for net _27_
Finished routing net _24_
Nets remaining: 348
Keeping route for net _29_
Finished routing net d13.q
Nets remaining: 346
Finished routing net _30_
Nets remaining: 345
Keeping route for net d13.d
Finished routing net _31_
Nets remaining: 343
Finished routing net _28_
Nets remaining: 342
Keeping route for net _33_
Finished routing net d14.q
Nets remaining: 340
Finished routing net _34_
Nets remaining: 339
Finished routing net d14.d
Nets remaining: 338
Finished routing net _35_
Nets remaining: 337
Finished routing net _32_
Nets remaining: 336
Keeping route for net _37_
Finished routing net d21.q
Nets remaining: 334
Finished routing net _38_
Nets remaining: 333
Finished routing net d21.d
Nets remaining: 332
Finished routing net _39_
Nets remaining: 331
Finished routing net _36_
Nets remaining: 330
Keeping route for net _41_
Finished routing net d22.q
Nets remaining: 328
Finished routing net _42_
Nets remaining: 327
Finished routing net d22.d
Nets remaining: 326
Finished routing net _43_
Nets remaining: 325
Finished routing net _40_
Nets remaining: 324
Finished routing net _45_
Nets remaining: 323
Finished routing net d23.q
Nets remaining: 322
Keeping route for net _46_
Finished routing net d23.d
Nets remaining: 320
Finished routing net _47_
Nets remaining: 319
Finished routing net _44_
Nets remaining: 318
Finished routing net _49_
Nets remaining: 317
Finished routing net d24.q
Nets remaining: 316
Keeping route for net _50_
Keeping route for net d24.d
Keeping route for net _51_
Finished routing net _48_
Nets remaining: 312
Keeping route for net _53_
Finished routing net d31.q
Nets remaining: 310
Finished routing net _54_
Nets remaining: 309
Keeping route for net d31.d
Finished routing net _55_
Nets remaining: 307
Finished routing net _52_
Nets remaining: 306
Keeping route for net _57_
Finished routing net d32.q
Nets remaining: 304
Finished routing net _58_
Nets remaining: 303
Finished routing net d32.d
Nets remaining: 302
Keeping route for net _59_
Finished routing net _56_
Nets remaining: 300
Keeping route for net _61_
Keeping route for net d33.q
Finished routing net _62_
Nets remaining: 297
Finished routing net d33.d
Nets remaining: 296
Finished routing net _63_
Nets remaining: 295
Finished routing net _60_
Nets remaining: 294
Keeping route for net _65_
Finished routing net d34.q
Nets remaining: 292
Keeping route for net _66_
Finished routing net d34.d
Nets remaining: 290
Finished routing net _67_
Nets remaining: 289
Finished routing net _64_
Nets remaining: 288
Keeping route for net _69_
Keeping route for net _68_
Keeping route for net _71_
Finished routing net f1.q
Nets remaining: 284
Finished routing net _72_
Nets remaining: 283
Finished routing net f1.d
Nets remaining: 282
Finished routing net _73_
Nets remaining: 281
Finished routing net _70_
Nets remaining: 280
Keeping route for net _75_
Finished routing net f2.q
Nets remaining: 278
Finished routing net _76_
Nets remaining: 277
Finished routing net f2.d
Nets remaining: 276
Finished routing net _77_
Nets remaining: 275
Finished routing net _74_
Nets remaining: 274
Finished routing net _79_
Nets remaining: 273
Finished routing net f3.q
Nets remaining: 272
Finished routing net _80_
Nets remaining: 271
Finished routing net f3.d
Nets remaining: 270
Finished routing net _81_
Nets remaining: 269
Finished routing net _78_
Nets remaining: 268
Finished routing net _83_
Nets remaining: 267
Finished routing net f4.q
Nets remaining: 266
Keeping route for net _84_
Keeping route for net f4.d
Finished routing net _85_
Nets remaining: 263
Finished routing net _82_
Nets remaining: 262
Finished routing net m1.c1.y[0]
Nets remaining: 261
Finished routing net _88_
Nets remaining: 260
Keeping route for net _89_
Finished routing net _91_
Nets remaining: 258
Finished routing net _92_
Nets remaining: 257
Finished routing net _93_
Nets remaining: 256
Finished routing net _95_
Nets remaining: 255
Keeping route for net m1.c1.y[1]
Keeping route for net _96_
Keeping route for net _97_
Finished routing net _98_
Nets remaining: 251
Finished routing net _99_
Nets remaining: 250
Finished routing net _100_
Nets remaining: 249
Finished routing net _101_
Nets remaining: 248
Finished routing net m1.c1.y[2]
Nets remaining: 247
Finished routing net _102_
Nets remaining: 246
Finished routing net _103_
Nets remaining: 245
Finished routing net _104_
Nets remaining: 244
Finished routing net _105_
Nets remaining: 243
Finished routing net _106_
Nets remaining: 242
Finished routing net _107_
Nets remaining: 241
Finished routing net m1.c1.y[3]
Nets remaining: 240
Keeping route for net _108_
Finished routing net _109_
Nets remaining: 238
Finished routing net _110_
Nets remaining: 237
Finished routing net _111_
Nets remaining: 236
Finished routing net _112_
Nets remaining: 235
Keeping route for net _113_
Finished routing net _144_
Nets remaining: 233
Keeping route for net _142_
Finished routing net _145_
Nets remaining: 231
Finished routing net _141_
Nets remaining: 230
Finished routing net _146_
Nets remaining: 229
Keeping route for net _138_
Finished routing net _116_
Nets remaining: 227
Finished routing net _117_
Nets remaining: 226
Finished routing net _118_
Nets remaining: 225
Keeping route for net _120_
Keeping route for net _121_
Keeping route for net _122_
Finished routing net _126_
Nets remaining: 221
Finished routing net _127_
Nets remaining: 220
Keeping route for net _130_
Keeping route for net _134_
Finished routing net _135_
Nets remaining: 217
Finished routing net _136_
Nets remaining: 216
Keeping route for net _140_
Finished routing net m2.c1.y[0]
Nets remaining: 214
Finished routing net _150_
Nets remaining: 213
Finished routing net _151_
Nets remaining: 212
Finished routing net _153_
Nets remaining: 211
Finished routing net _154_
Nets remaining: 210
Finished routing net _155_
Nets remaining: 209
Keeping route for net _157_
Keeping route for net m2.c1.y[1]
Finished routing net _158_
Nets remaining: 206
Finished routing net _159_
Nets remaining: 205
Finished routing net _160_
Nets remaining: 204
Finished routing net _161_
Nets remaining: 203
Finished routing net _162_
Nets remaining: 202
Keeping route for net _163_
Finished routing net m2.c1.y[2]
Nets remaining: 200
Finished routing net _164_
Nets remaining: 199
Finished routing net _165_
Nets remaining: 198
Finished routing net _166_
Nets remaining: 197
Finished routing net _167_
Nets remaining: 196
Finished routing net _168_
Nets remaining: 195
Finished routing net _169_
Nets remaining: 194
Finished routing net m2.c1.y[3]
Nets remaining: 193
Finished routing net _170_
Nets remaining: 192
Finished routing net _171_
Nets remaining: 191
Finished routing net _172_
Nets remaining: 190
Finished routing net _173_
Nets remaining: 189
Finished routing net _174_
Nets remaining: 188
Keeping route for net _175_
Finished routing net _206_
Nets remaining: 186
Finished routing net _204_
Nets remaining: 185
Finished routing net _207_
Nets remaining: 184
Finished routing net _203_
Nets remaining: 183
Finished routing net _208_
Nets remaining: 182
Finished routing net _200_
Nets remaining: 181
Finished routing net _178_
Nets remaining: 180
Finished routing net _179_
Nets remaining: 179
Finished routing net _180_
Nets remaining: 178
Finished routing net _182_
Nets remaining: 177
Keeping route for net _183_
Finished routing net _184_
Nets remaining: 175
Finished routing net _188_
Nets remaining: 174
Finished routing net _189_
Nets remaining: 173
Finished routing net _192_
Nets remaining: 172
Keeping route for net _196_
Finished routing net _197_
Nets remaining: 170
Finished routing net _198_
Nets remaining: 169
Finished routing net _202_
Nets remaining: 168
Keeping route for net m3.c1.y[0]
Keeping route for net _212_
Finished routing net _213_
Nets remaining: 165
Finished routing net _215_
Nets remaining: 164
Finished routing net _216_
Nets remaining: 163
Finished routing net _217_
Nets remaining: 162
Finished routing net _219_
Nets remaining: 161
Keeping route for net m3.c1.y[1]
Finished routing net _220_
Nets remaining: 159
Keeping route for net _221_
Finished routing net _222_
Nets remaining: 157
Finished routing net _223_
Nets remaining: 156
Finished routing net _224_
Nets remaining: 155
Keeping route for net _225_
Finished routing net m3.c1.y[2]
Nets remaining: 153
Finished routing net _226_
Nets remaining: 152
Finished routing net _227_
Nets remaining: 151
Finished routing net _228_
Nets remaining: 150
Finished routing net _229_
Nets remaining: 149
Finished routing net _230_
Nets remaining: 148
Finished routing net _231_
Nets remaining: 147
Finished routing net m3.c1.y[3]
Nets remaining: 146
Finished routing net _232_
Nets remaining: 145
Keeping route for net _233_
Keeping route for net _234_
Keeping route for net _235_
Keeping route for net _236_
Keeping route for net _237_
Finished routing net _268_
Nets remaining: 139
Keeping route for net _266_
Finished routing net _269_
Nets remaining: 137
Finished routing net _265_
Nets remaining: 136
Finished routing net _270_
Nets remaining: 135
Finished routing net _262_
Nets remaining: 134
Finished routing net _240_
Nets remaining: 133
Finished routing net _241_
Nets remaining: 132
Finished routing net _242_
Nets remaining: 131
Finished routing net _244_
Nets remaining: 130
Keeping route for net _245_
Keeping route for net _246_
Finished routing net _250_
Nets remaining: 127
Finished routing net _251_
Nets remaining: 126
Keeping route for net _254_
Finished routing net _258_
Nets remaining: 124
Finished routing net _259_
Nets remaining: 123
Finished routing net _260_
Nets remaining: 122
Keeping route for net _264_
Finished routing net m4.c1.y[0]
Nets remaining: 120
Finished routing net _274_
Nets remaining: 119
Finished routing net _275_
Nets remaining: 118
Finished routing net _277_
Nets remaining: 117
Keeping route for net _278_
Finished routing net _279_
Nets remaining: 115
Finished routing net _281_
Nets remaining: 114
Finished routing net m4.c1.y[1]
Nets remaining: 113
Keeping route for net _282_
Finished routing net _283_
Nets remaining: 111
Keeping route for net _284_
Finished routing net _285_
Nets remaining: 109
Keeping route for net _286_
Finished routing net _287_
Nets remaining: 107
Finished routing net m4.c1.y[2]
Nets remaining: 106
Finished routing net _288_
Nets remaining: 105
Keeping route for net _289_
Finished routing net _290_
Nets remaining: 103
Finished routing net _291_
Nets remaining: 102
Finished routing net _292_
Nets remaining: 101
Keeping route for net _293_
Finished routing net m4.c1.y[3]
Nets remaining: 99
Finished routing net _294_
Nets remaining: 98
Finished routing net _295_
Nets remaining: 97
Finished routing net _296_
Nets remaining: 96
Finished routing net _297_
Nets remaining: 95
Finished routing net _298_
Nets remaining: 94
Keeping route for net _299_
Finished routing net _330_
Nets remaining: 92
Keeping route for net _328_
Finished routing net _331_
Nets remaining: 90
Finished routing net _327_
Nets remaining: 89
Keeping route for net _332_
Keeping route for net _324_
Keeping route for net _302_
Finished routing net _303_
Nets remaining: 85
Finished routing net _304_
Nets remaining: 84
Finished routing net _306_
Nets remaining: 83
Keeping route for net _307_
Keeping route for net _308_
Finished routing net _312_
Nets remaining: 80
Finished routing net _313_
Nets remaining: 79
Keeping route for net _316_
Finished routing net _320_
Nets remaining: 77
Finished routing net _321_
Nets remaining: 76
Finished routing net _322_
Nets remaining: 75
Keeping route for net _326_
Keeping route for net data_out_a[0]
Finished routing net data_out_a[1]
Nets remaining: 72
Finished routing net data_out_a[10]
Nets remaining: 71
Finished routing net data_out_a[11]
Nets remaining: 70
Finished routing net data_out_a[12]
Nets remaining: 69
Keeping route for net data_out_a[13]
Keeping route for net data_out_a[14]
Keeping route for net data_out_a[15]
Keeping route for net data_out_a[2]
Finished routing net data_out_a[3]
Nets remaining: 64
Keeping route for net data_out_a[4]
Keeping route for net data_out_a[5]
Finished routing net data_out_a[6]
Nets remaining: 61
Finished routing net data_out_a[7]
Nets remaining: 60
Keeping route for net data_out_a[8]
Finished routing net data_out_a[9]
Nets remaining: 58
Finished routing net data_out_b[0]
Nets remaining: 57
Keeping route for net data_out_b[1]
Keeping route for net data_out_b[10]
Finished routing net data_out_b[11]
Nets remaining: 54
Finished routing net data_out_b[12]
Nets remaining: 53
Keeping route for net data_out_b[13]
Finished routing net data_out_b[14]
Nets remaining: 51
Keeping route for net data_out_b[15]
Keeping route for net data_out_b[2]
Keeping route for net data_out_b[3]
Finished routing net data_out_b[4]
Nets remaining: 47
Finished routing net data_out_b[5]
Nets remaining: 46
Finished routing net data_out_b[6]
Nets remaining: 45
Keeping route for net data_out_b[7]
Keeping route for net data_out_b[8]
Keeping route for net data_out_b[9]

----------------------------------------------
Progress: Stage 3 total routes completed: 2333
No failed routes!
----------------------------------------------
*** Writing DEF file arch_route.def
emit_routes():  DEF file has 474 nets and 4 specialnets.
but qrouter wants to write 476 nets and specialnets.
----------------------------------------------
Final: No failed routes!
----------------------------------------------
*** Writing RC file arch_route.rc
Running annotate.tcl antenna.out /home/kor-tac/Desktop/physical/dpram/synthesis/arch.rtlnopwr.v
  /home/kor-tac/Desktop/physical/dpram/synthesis/arch.spc /home/kor-tac/Desktop/physical/dpram/synthesis/arch.rtlnopwr.anno.v
  /home/kor-tac/Desktop/physical/dpram/synthesis/arch.anno.spc  /usr/local/share/qflow/tech/osu035/osu035_stdcells.sp /home/kor-tac/Desktop/physical/dpram/synthesis/arch_powerground
Running annotate.tcl
found cell FILL pinlist vdd gnd
Done with annotate.tcl
Router script ended on Sat Jul 26 05:21:13 PM IST 2025
